[   00000000]]IIiiiillzznng cgroup subsys cpuset
[    0.000000] Initializing cgroup subsys cpu
[    0.000000] Initializing cgroup subsys cpuacct
[    0.000000] Linux version 4.4.0-53-generic (buildd@lcy01-28) (gcc version 5.4.0 20160609 (Ubuntu 5.4.0-6ubuntu1~16.04.4) ) #74-Ubuntu SMP Fri Dec 2 15:59:10 UTC 2016 (Ubuntu 4.4.0-53.74-generic 4.4.30)
[    0.000000] Command line: BOOT_IMAGE=/boot/vmlinuz-4.4.0-53-generic root=LABEL=cloudimg-rootfs ro console=tty1 console=ttyS0
[    0.000000] KERNEL supported cpus:
[    0.000000]   Intel GenuineIntel
[    0.000000]   AMD AuthenticAMD
[    0.000000]   Centaur CentaurHauls
[    0.000000] x86/fpu: xstate_offset[2]:  576, xstate_sizes[2]:  256
[    0.000000] x86/fpu: Supporting XSAVE feature 0x01: 'x87 floating point registers'
[    0.000000] x86/fpu: Supporting XSAVE feature 0x02: 'SSE registers'
[    0.000000] x86/fpu: Supporting XSAVE feature 0x04: 'AVX registers'
[    0.000000] x86/fpu: Enabled xstate features 0x7, context size is 832 bytes, using 'standard' format.
[    0.000000  88//pp:: Using 'lazy' FPU context switches.

[    0.000000] 8800  IISSppooiiee  hhssccllRRMMmmpp
[   0.00000 BIOS-82:: [ee  xx0000000000000000000000000000ffff]]usbbe
[    0.00000]]BBOO--8800  mmmm000000000000009fc00-0x000000000009ffff] reserved
[    0.000000] BIOS-e820: [mem 0x00000000000f0000-0x00000000000fffff] reserved
[    0.000000] BIOS-e820: [mem 0x0000000000100000-0x000000003ffeffff] usable
[    0.000000] BIOS-e820: [mem 0x000000003fff0000-0x000000003fffffff] ACPI data
[    0.000000] BIOS-e820: [mem 0x00000000fffc0000-0x00000000ffffffff] reserved
[    000000]NX((xeuue iiabee pooeciinn  cciiee

[   0.000000] SMBIOS 2.  reeet.
[    0.000000] Hpprvisor detected: KVM
[    0.000000] e820: last_pfn = 0x3fff0 max_arch_pfn = 0x400000000
[    0.000000] MTRR: Disabled
[    0.000000] x86/PAT: MTRRRsdiaalldd  kkppiiggPPTTiiitaaizttontto.

[   00000000] x86PPT:CCnfggraiinn[[-7::WB  T UU- UC  BB WT UU--UU   
[    ..000000  PP  TTRR  llbban -vittalzzd yyte..
[   0.000000  oonn  MM  PPttbbeeat[[em000000ffff0-0x0009ffff] maped at [ffff88000009fff0]
[    0.000000] Scanning 1 areas for low memory corruption
[    0.000000] RAMDISK: [mem 0x36f58000-0x377a3fff]
[    0.000000] ACPI: Early table checksum verification disabled
[    0.000000] ACPI: RSDP 0x00000000000E0000 000024 (v02 VBOX  )
[    0.000000] ACPI: XSDT 0x000000003FFF0030 00003C (v01 VBOX   VBOXXSDT 00000001 ASL  00000061)
[    0.000000] ACPI: FACP 0x000000003FFF00F0 0000F4 (v04 VBOX   VBOXFACP 00000001 ASL  00000061)
[    0.000000] ACPI: DSDT 0x000000003FFF0470 002118 (v01 VBOX   VBOXBIOS 00000002 INTL 20160108)
[    0.000000] ACPI: FACS 0x000000003FFF0200 000040
[    0.000000] ACPI: FACS 0x000000003FFF0200 000040
[    0.000000] ACPI: APIC 0x000000003FFF0240 000054 (v02 VBOX   VBOXAPIC 00000001 ASL  00000061)
[    0.000000] ACPI: SSDT 0x000000003FFF02A0 0001CC (00  BBOX  VVOOCCUU  00000022IITT  00661188
[    ..000000  ooNNMM  ooffggrrttoo  oonn
[    ..000000  aaiiggaanndd  tt[[ee  0x000000000000000-xx00000000ffeeffff
[   0.000000] NODE_DATA(0) allocated [mem 0x3ffeb000-0x3ffeffff]
[    0.000000] kvm-clock: Using msrs 4b564d01 and 4b564d00
[    0.000000] kvm-clock: cpu 0, msr 0:3ffe7001, primary cpu clock
[    0.000000] kvm-clock: using sched offset of 2895628924 cycles
[    0.000000] clocksource: kvm-clock: mask: 0xffffffffffffffff max_cycles: 0x1cd42e4dffb, max_idle_ns: 881590591483 ns
[    0.000000] Zone ranges:
[    0.000000]   DMA      [mem 0x0000000000001000-0x0000000000ffffff]
[    0.000000]   DMA32    [mem 0x0000000001000000-0x000000003ffeffff]
[    0.000000]   Normal   empty
[    0.000000]   Device   empty
[    0.000000] Movable zone start for each node
[    0.000000] Early memory node ranges
[    0.000000]   node   0: [mem 0x0000000000001000-0x000000000009efff]
[    0.000000]   node   0: [mem 0x0000000000100000-0x000000003ffeffff]
[    0.000000] Initmem setup node 0 [mem 0x0000000000001000-0x000000003ffeffff]
[    0.000000] ACPI: PM-Timer IO Port: 0x4008
[    0.000000] IOAPIC[0]: apic_id 1, version 17, addes  xfec0000 GSI0-23
[    0.000000 APP: NN__RR__VV  bbss00bu__rq00glbbl_rr 2 dfl dfl)
[    0.000000] ACPI: INT_SRC_OVR (bus 0 bus_irq 9 global_irq 9 high level)
[    0.000000] Using ACCPI(MAD) fo SMPcofiuuaaiinniiffrraaiinn

[   0.0000]]smbbot  llwwng1 PPss    hotplug CPss

[   ..000000  MM  eeiiteee nssvemmmoyy [ee 00000000-xx0000ff
[   0.00000 PM: Registered ooaaeemmmmrr::[[ee  xx009f00-00009fff]

[   00000000]]PP::RRggsseeednnsaee mmmry  me  x00000000x00efff]]

[   0.00000]PM: egsseeee  ooaaeemmmmrr::[[eem 0x000f0000-x000ffff]
[    0000000  8800  mmmm004400000-xxffffff  vallable for PCI devices
[    0.000000] Booting paravirtualized kernel on KVM
[    0.000000] clocksource: refined-jiffies: mask: 0xffffffff max_cycles: 0xffffffff, max_idle_ns: 7645519600211568 ns
[    0.000000] setup_percpu: NR_CPUS:256 nr_cpumask_bits:256 nr_cpu_ids:1 nr_node_ids:1
[    0.000000] PERCPU: Embedded 33 pages/cpu @ffff88003fc00000 s98008 r8192 d28968 u2097152
[    0.000000] PV qspinlock hash table entries: 256 (order: 0, 4096 bytes)
[    0.000000] Built 1 zonelists in Node order, mobility grouping on.  Total pages: 257913
[    0.000000] Policy zone: DMA32
[    0.000000] Kernel command line: BOOT_IMAGE=/boot/vmlinuz-4.4.0-53-generic root=LABEL=cloudimg-rootfs ro console=tty1 console=ttyS0

    00000000]]PPDDhhss  aall  nntrie::4499  ooddrr  ,,337788bbytss
[    0000000 Mmmrr::11002288//0048120K avalall (447K krree  ooee  2255  wwaaaa  9966  ooat,,1400 iii, 222Kbbs,448822  eeeervdd  K mm--eeeevvdd)
[    0.000000] SLUB: HWalign=64, Order=0-3, MinObjects=0, CPUs=1, Nodes=1
[    0.000000] Hierarchical RCU implementation.
[    0.000000] 	Build-time adjustment of leaf fanout to 64.
[    0.000000] 	RCU restricting CPUs from NR_CPUS=256 to nr_cpu_ids=1.
[    0.000000] RCU: Adjusting geometry for rcu_fanout_leaf=64, nr_cpu_ids=1
[    0.000000] NR_IRQS:16640 nr_irqs:256 16
[    0.000000] Console: colour VGA+ 80x25
[    0.000000] console [tty1] enabled
[    0.000000] console [ttyS0] enabled
[    0.000000] tsc: Detected 2494.220 MHz processor
[    6.652070] Calibrating delay loop (skipped) preset value.. 4988.44 BogoMIPS (lpj=9976880)
[    6.661847] pid_max: default: 32768 minimum: 301
[    6.662633] ACPI: Core revision 20150930
[    6.664117] ACPI: 2 ACPI AML tables successfully acquired and loaded
[    6.672296] Security Framework initialized
[    6.672975] Yama: becoming mindful.
[    6.673613] AppArmor: AppArmor initialized
[    6.674379] Dentry cache hash table entries: 131072 (order: 8, 1048576 bytes)
[    6.675556] Inode-cache hash table entries: 65536 (order: 7, 524288 bytes)
[    6.682671] Mount-cache hash table entries: 2048 (order: 2, 16384 bytes)
[    6.688156] Mountpoint-cache hash table entries: 2048 (order: 2, 16384 bytes)
[    6.689332] Initializing cgroup subsys io
[    6.691881] Initializing cgroup subsys memory
[    6.692580] Initializing cgroup subsys devices
[    6.693314] Initializing cgroup subsys freezer
[    6.694034] Initializing cgroup subsys net_cls
[    6.694782] Initializing cgroup subsys perf_event
[    6.695540] Initializing cgroup subsys net_prio
[    6.696335] Initializing cgroup subsys hugetlb
[    6.697072] Initializing cgroup subsys pids
[    6.697857] CPU: Physical Processor ID: 0
[    6.699328] mce: CPU supports 0 MCE banks
[    6.700048] process: using mwait in idle threads
[    6.700810] Last level iTLB entries: 4KB 1024, 2MB 1024, 4MB 1024
[    6.701788] Last level dTLB entries: 4KB 1024, 2MB 1024, 4MB 1024, 1GB 4
[    6.720419] Freeing SMP alternatives memory: 32K (ffffffff820b5000 - ffffffff820bd000)
[    6.738674] ftrace: allocating 32053 entries in 126 pages
[    6.773797] smpboot: Max logical packages: 1
[    6.787940] smpboot: APIC(0) Converting physical 0 to logical package 0
[    6.789966] ..TIMER: vector=0x30 apic1=0 pin1=2 apic2=-1 pin2=-1
[    6.899651] smpboot: CPU0: Intel(R) Core(TM) i7-4710MQ CPU @ 2.50GHz (family: 0x6, model: 0x3c, stepping: 0x3)
[    6.922916] Performance Events: unsupported p6 CPU model 60 no PMU driver, software events only.
[    6.931935] KVM setup paravirtual spinlock
[    6.933232] x86: Booted up 1 node, 1 CPUs
[    6.937678] smpboot: Total of 1 processors activated (4988.44 BogoMIPS)
[    6.938858] devtmpfs: initialized
[    6.942913] evm: security.selinux
[    6.945078] evm: security.SMACK64
[    6.945662] evm: security.SMACK64EXEC
[    6.946273] evm: security.SMACK64TRANSMUTE
[    6.946953] evm: security.SMACK64MMAP
[    6.947601] evm: security.ima
[    6.948184] evm: security.capability
[    6.948925] clocksource: jiffies: mask: 0xffffffff max_cycles: 0xffffffff, max_idle_ns: 7645041785100000 ns
[    6.952807] pinctrl core: initialized pinctrl subsystem
[    6.956104] RTC time: 12:38:09, date: 01/02/17
[    6.962091] NET: Registered protocol family 16
[    6.964884] cpuidle: using governor ladder
[    6.971541] cpuidle: using governor menu
[    6.972185] PCCT header not found.
[    6.972817] ACPI: bus type PCI registered
[    6.973475] acpiphp: ACPI Hot Plug PCI Controller Driver version: 0.5
[    6.974468] PCI: Using configuration type 1 for base access
[    6.976631] ACPI: Added _OSI(Module Device)
[    6.985437] ACPI: Added _OSI(Processor Device)
[    6.986136] ACPI: Added _OSI(3.0 _SCP Extensions)
[    6.986861] ACPI: Added _OSI(Processor Aggregator Device)
[    6.988090] ACPI: Executed 1 blocks of module-level executable AML code
[    6.993583] ACPI: Interpreter enabled
[    6.997060] ACPI: (supports S0 S5)
[    6.997656] ACPI: Using IOAPIC for interrupt routing
[    6.998520] PCI: Using host bridge windows from ACPI; if necessary, use "pci=nocrs" and report a bug
[    7.003432] ACPI: PCI Root Bridge [PCI0] (domain 0000 [bus 00-ff])
[    7.011589] acpi PNP0A03:00: _OSC: OS supports [ASPM ClockPM Segments MSI]
[    7.012564] acpi PNP0A03:00: _OSC failed (AE_NOT_FOUND); disabling ASPM
[    7.013515] acpi PNP0A03:00: fail to add MMCONFIG information, can't access extended PCI configuration space under this bridge.
[    7.015288] PCI host bridge to bus 0000:00
[    7.021896] pci_bus 0000:00: root bus resource [io  0x0000-0x0cf7 window]
[    7.022849] pci_bus 0000:00: root bus resource [io  0x0d00-0xffff window]
[    7.023856] pci_bus 0000:00: root bus resource [mem 0x000a0000-0x000bffff window]
[    7.025095] pci_bus 0000:00: root bus resource [mem 0x40000000-0xffdfffff window]
[    7.026381] pci_bus 0000:00: root bus resource [bus 00-ff]
[    7.028271] pci 0000:00:01.1: legacy IDE quirk: reg 0x10: [io  0x01f0-0x01f7]
[    7.032295] pci 0000:00:01.1: legacy IDE quirk: reg 0x14: [io  0x03f6]
[    7.033253] pci 0000:00:01.1: legacy IDE quirk: reg 0x18: [io  0x0170-0x0177]
[    7.034322] pci 0000:00:01.1: legacy IDE quirk: reg 0x1c: [io  0x0376]
[    7.053663] ACPI: PCI Interrupt Link [LNKA] (IRQs 5 9 10 *11)
[    7.068270] ACPI: PCI Interrupt Link [LNKB] (IRQs 5 9 10 *11)
[    7.072473] ACPI: PCI Interrupt Link [LNKC] (IRQs 5 9 *10 11)
[    7.073689] ACPI: PCI Interrupt Link [LNKD] (IRQs 5 *9 10 11)
[    7.074959] ACPI: Enabled 2 GPEs in block 00 to 07
[    7.076052] vgaarb: setting as boot device: PCI:0000:00:02.0
[    7.082053] vgaarb: device added: PCI:0000:00:02.0,decodes=io+mem,owns=io+mem,locks=none
[    7.083365] vgaarb: loaded
[    7.091180] vgaarb: bridge control possible 0000:00:02.0
[    7.092223] SCSI subsystem initialized
[    7.104762] ACPI: bus type USB registered
[    7.111312] usbcore: registered new interface driver usbfs
[    7.112136] usbcore: registered new interface driver hub
[    7.112921] usbcore: registered new device driver usb
[    7.113823] PCI: Using ACPI for IRQ routing
[    7.117337] NetLabel: Initializing
[    7.121087] NetLabel:  domain hash size = 128
[    7.121775] NetLabel:  protocols = UNLABELED CIPSOv4
[    7.122520] NetLabel:  unlabeled traffic allowed by default
[    7.123403] amd_nb: Cannot enumerate AMD northbridges
[    7.131471] clocksource: Switched to clocksource kvm-clock
[    7.137236] AppArmor: AppArmor Filesystem Enabled
[    7.162046] pnp: PnP ACPI init
[    7.165733] pnp: PnP ACPI: found 3 devices
[    7.177038] clocksource: acpi_pm: mask: 0xffffff max_cycles: 0xffffff, max_idle_ns: 2085701024 ns
[    7.192711] NET: Registered protocol family 2
[    7.193595] TCP established hash table entries: 8192 (order: 4, 65536 bytes)
[    7.198097] TCP bind hash table entries: 8192 (order: 5, 131072 bytes)
[    7.199074] TCP: Hash tables configured (established 8192 bind 8192)
[    7.200067] UDP hash table entries: 512 (order: 2, 16384 bytes)
[    7.202082] UDP-Lite hash table entries: 512 (order: 2, 16384 bytes)
[    7.203017] NET: Registered protocol family 1
[    7.203756] pci 0000:00:00.0: Limiting direct PCI/PCI transfers
[    7.204709] pci 0000:00:01.0: Activating ISA DMA hang workarounds
[    7.205749] Trying to unpack rootfs image as initramfs...
[    8.353968] Freeing initrd memory: 8496K (ffff880036f58000 - ffff8800377a4000)
[    8.372588] RAPL PMU detected, API unit is 2^-32 Joules, 4 fixed counters 10737418240 ms ovfl timer
[    8.379407] hw unit of domain pp0-core 2^-0 Joules
[    8.380209] hw unit of domain package 2^-0 Joules
[    8.380953] hw unit of domain dram 2^-0 Joules
[    8.381662] hw unit of domain pp1-gpu 2^-0 Joules
[    8.382463] platform rtc_cmos: registered platform RTC device (no PNP device found)
[    8.383756] Scanning for low memory corruption every 60 seconds
[    8.384907] futex hash table entries: 256 (order: 2, 16384 bytes)
[    8.390582] audit: initializing netlink subsys (disabled)
[    8.393016] audit: type=2000 audit(1483360688.419:1): initialized
[    8.394165] Initialise system trusted keyring
[    8.397372] HugeTLB registered 2 MB page size, pre-allocated 0 pages
[    8.403141] zbud: loaded
[    8.411928] VFS: Disk quotas dquot_6.6.0
[    8.419045] VFS: Dquot-cache hash table entries: 512 (order 0, 4096 bytes)
[    8.420261] squashfs: version 4.0 (2009/01/31) Phillip Lougher
[    8.427199] fuse init (API version 7.23)
[    8.432031] Key type big_key registered
[    8.438993] Allocating IMA MOK and blacklist keyrings.
[    8.440007] Key type asymmetric registered
[    8.441890] Asymmetric key parser 'x509' registered
[    8.442688] Block layer SCSI generic (bsg) driver version 0.4 loaded (major 249)
[    8.443922] io scheduler noop registered
[    8.444614] io scheduler deadline registered (default)
[    8.445467] io scheduler cfq registered
[    8.449798] pci_hotplug: PCI Hot Plug PCI Core version: 0.5
[    8.452043] pciehp: PCI Express Hot Plug Controller Driver version: 0.4
[    8.459287] ACPI: AC Adapter [AC] (on-line)
[    8.461997] input: Power Button as /devices/LNXSYSTM:00/LNXPWRBN:00/input/input0
[    8.465928] ACPI: Power Button [PWRF]
[    8.466608] input: Sleep Button as /devices/LNXSYSTM:00/LNXSLPBN:00/input/input1
[    8.467828] ACPI: Sleep Button [SLPF]
[    8.469009] ACPI: Battery Slot [BAT0] (battery present)
[    8.472020] GHES: HEST is not enabled!
[    8.472720] Serial: 8250/16550 driver, 32 ports, IRQ sharing enabled
[    8.499803] 00:02: ttyS0 at I/O 0x3f8 (irq = 4, base_baud = 115200) is a 16550A
[    8.513405] Linux agpgart interface v0.103
[    8.519455] brd: module loaded
[    8.522387] loop: module loaded
[    8.525400] scsi host0: ata_piix
[    8.529632] scsi host1: ata_piix
[    8.531874] ata1: PATA max UDMA/33 cmd 0x1f0 ctl 0x3f6 bmdma 0xd000 irq 14
[    8.532912] ata2: PATA max UDMA/33 cmd 0x170 ctl 0x376 bmdma 0xd008 irq 15
[    8.534187] libphy: Fixed MDIO Bus: probed
[    8.537471] tun: Universal TUN/TAP device driver, 1.6
[    8.541649] tun: (C) 1999-2004 Max Krasnyansky <maxk@qualcomm.com>
[    8.545809] PPP generic driver version 2.4.2
[    8.549457] ehci_hcd: USB 2.0 'Enhanced' Host Controller (EHCI) Driver
[    8.552211] ehci-pci: EHCI PCI platform driver
[    8.552956] ehci-platform: EHCI generic platform driver
[    8.557739] ohci_hcd: USB 1.1 'Open' Host Controller (OHCI) Driver
[    8.558680] ohci-pci: OHCI PCI platform driver
[    8.559434] ohci-platform: OHCI generic platform driver
[    8.560286] uhci_hcd: USB Universal Host Controller Interface driver
[    8.561283] i8042: PNP: PS/2 Controller [PNP0303:PS2K,PNP0f03:PS2M] at 0x60,0x64 irq 1,12
[    8.572884] serio: i8042 KBD port at 0x60,0x64 irq 1
[    8.578501] serio: i8042 AUX port at 0x60,0x64 irq 12
[    8.579401] mousedev: PS/2 mouse device common for all mice
[    8.582295] input: AT Translated Set 2 keyboard as /devices/platform/i8042/serio0/input/input2
[    8.586016] rtc_cmos rtc_cmos: rtc core: registered rtc_cmos as rtc0
[    8.589802] rtc_cmos rtc_cmos: alarms up to one day, 114 bytes nvram
[    8.592197] i2c /dev entries driver
[    8.592887] device-mapper: uevent: version 1.0.3
[    8.593716] device-mapper: ioctl: 4.34.0-ioctl (2015-10-28) initialised: dm-devel@redhat.com
[    8.598360] ledtrig-cpu: registered to indicate activity on CPUs
[    8.599462] NET: Registered protocol family 10
[    8.600319] NET: Registered protocol family 17
[    8.606056] Key type dns_resolver registered
[    8.606867] microcode: CPU0 sig=0x306c3, pf=0x40, revision=0x0
[    8.608904] microcode: Microcode Update Driver: v2.01 <tigran@aivazian.fsnet.co.uk>, Peter Oruba
[    8.612695] registered taskstats version 1
[    8.618522] Loading compiled-in X.509 certificates
[    8.619863] Loaded X.509 cert 'Build time autogenerated kernel key: e9dbd2fef92418dc580496786c7b3d419aa7d17d'
[    8.622734] zswap: loaded using pool lzo/zbud
[    8.624522] Key type trusted registered
[    8.633651] Key type encrypted registered
[    8.637684] AppArmor: AppArmor sha1 policy hashing enabled
[    8.641681] ima: No TPM chip found, activating TPM-bypass!
[    8.645672] evm: HMAC attrs: 0x1
[    8.646507]   Magic number: 1:969:631
[    8.648943] rtc_cmos rtc_cmos: setting system clock to 2017-01-02 12:38:11 UTC (1483360691)
[    8.650368] BIOS EDD facility v0.16 2004-Jun-25, 0 devices found
[    8.653039] EDD information not available.
[    8.692283] Freeing unused kernel memory: 1480K (ffffffff81f43000 - ffffffff820b5000)
[    8.712455] Write protecting the kernel read-only data: 14336k
[    8.713672] Freeing unused kernel memory: 1800K (ffff88000183e000 - ffff880001a00000)
[    8.718541] Freeing unused kernel memory: 140K (ffff880001ddd000 - ffff880001e00000)
Loading, please [    8.729672] random: udevadm: uninitialized urandom read (16 bytes read, 2 bits of entropy available)
wait...
starting version 229
[    8.733302] random: systemd-udevd: uninitialized urandom read (16 bytes read, 2 bits of entropy available)
[    8.738743] random: systemd-udevd: uninitialized urandom read (16 bytes read, 2 bits of entropy available)
[    8.741567] random: udevadm: uninitialized urandom read (16 bytes read, 2 bits of entropy available)
[    8.746412] random: systemd-udevd: uninitialized urandom read (16 bytes read, 2 bits of entropy available)
[    8.749856] random: udevadm: uninitialized urandom read (16 bytes read, 2 bits of entropy available)
[    8.752621] random: systemd-udevd: uninitialized urandom read (16 bytes read, 2 bits of entropy available)
[    8.759310] random: udevadm: uninitialized urandom read (16 bytes read, 2 bits of entropy available)
[    8.762679] random: udevadm: uninitialized urandom read (16 bytes read, 2 bits of entropy available)
[    8.766225] random: udevadm: uninitialized urandom read (16 bytes read, 2 bits of entropy available)
[    8.819634] e1000: Intel(R) PRO/1000 Network Driver - version 7.3.21-k8-NAPI
[    8.852179] e1000: Copyright (c) 1999-2006 Intel Corporation.
[    8.859265] Fusion MPT base driver 3.04.20
[    8.891907] Copyright (c) 1999-2008 LSI Corporation
[    8.925872] AVX version of gcm_enc/dec engaged.
[    9.361614] AES CTR mode by8 optimization enabled
[    9.792777] input: ImExPS/2 Generic Explorer Mouse as /devices/platform/i8042/serio1/input/input4
[    9.802711] tsc: Refined TSC clocksource calibration: 2494.164 MHz
[    9.804958] clocksource: tsc: mask: 0xffffffffffffffff max_cycles: 0x23f3b0d5e5b, max_idle_ns: 440795306932 ns
[    9.813615] Fusion MPT SPI Host driver 3.04.20
[   10.174069] e1000 0000:00:03.0 eth0: (PCI:33MHz:32-bit) 02:f3:d6:4a:16:a4
[   10.192309] e1000 0000:00:03.0 eth0: Intel(R) PRO/1000 Network Connection
[   10.202623] mptbase: ioc0: Initiating bringup
[   10.267769] ioc0: LSI53C1030 A0: Capabilities={Initiator}
[   10.440749] scsi host2: ioc0: LSI53C1030 A0, FwRev=00000000h, Ports=1, MaxQ=256, IRQ=20
[   10.584591] scsi 2:0:0:0: Direct-Access     VBOX     HARDDISK         1.0  PQ: 0 ANSI: 5
[   10.662262] scsi target2:0:0: Beginning Domain Validation
[   10.663549] scsi target2:0:0: Domain Validation skipping write tests
[   10.664346] scsi target2:0:0: Ending Domain Validation
[   10.665055] scsi target2:0:0: asynchronous
[   10.665855] scsi 2:0:1:0: Direct-Access     VBOX     HARDDISK         1.0  PQ: 0 ANSI: 5
[   10.666959] scsi target2:0:1: Beginning Domain Validation
[   10.668193] scsi target2:0:1: Domain Validation skipping write tests
[   10.668973] scsi target2:0:1: Ending Domain Validation
[   10.669683] scsi target2:0:1: asynchronous
[   10.788875] sd 2:0:0:0: Attached scsi generic sg0 type 0
[   10.951835] sd 2:0:0:0: [sda] 20971520 512-byte logical blocks: (10.7 GB/10.0 GiB)
[   11.828058] sd 2:0:1:0: [sdb] 20480 512-byte logical blocks: (10.5 MB/10.0 MiB)
[   12.452037] sd 2:0:1:0: Attached scsi generic sg1 type 0
[   12.682626] floppy0: no floppy controllers found
[   12.973568] e1000 0000:00:08.0 eth1: (PCI:33MHz:32-bit) 08:00:27:47:4d:5a
[   13.361704] e1000 0000:00:08.0 eth1: Intel(R) PRO/1000 Network Connection
[   13.462122] sd 2:0:0:0: [sda] Write Protect is off
[   13.462778] sd 2:0:1:0: [sdb] Write Protect is off
[   13.463485] sd 2:0:0:0: [sda] Incomplete mode parameter data
[   13.464234] sd 2:0:0:0: [sda] Assuming drive cache: write through
[   13.621737] sd 2:0:1:0: [sdb] Incomplete mode parameter data
[   13.642044] sd 2:0:1:0: [sdb] Assuming drive cache: write through
[   13.646581]  sda: sda1
[   13.682504] sd 2:0:1:0: [sdb] Attached SCSI disk
[   13.751311] sd 2:0:0:0: [sda] Attached SCSI disk
[   14.311604] e1000 0000:00:09.0 eth2: (PCI:33MHz:32-bit) 08:00:27:b1:2c:df
[   14.981714] e1000 0000:00:09.0 eth2: Intel(R) PRO/1000 Network Connection
[   15.272580] e1000 0000:00:09.0 enp0s9: renamed from eth2
[   15.273755] e1000 0000:00:08.0 enp0s8: renamed from eth1
[   15.276089] e1000 0000:00:03.0 enp0s3: renamed from eth0
Begin: Loading e[   16.903451] md: linear personality registered for level -1
ssential drivers[   17.295092] md: multipath personality registered for level -4
 ... [   17.544837] md: raid0 personality registered for level 0
[   17.705071] md: raid1 personality registered for level 1
[   17.833338] raid6: sse2x1   gen() 10145 MB/s
[   18.101257] raid6: sse2x1   xor()  8891 MB/s
[   18.511268] raid6: sse2x2   gen() 14984 MB/s
[   18.651267] raid6: sse2x2   xor()  9977 MB/s
[   18.931292] raid6: sse2x4   gen() 16310 MB/s
[   19.241284] raid6: sse2x4   xor() 11501 MB/s
[   19.391684] raid6: using algorithm sse2x4 gen() 16310 MB/s
[   19.392381] raid6: .... xor() 11501 MB/s, rmw enabled
[   19.393039] raid6: using ssse3x2 recovery algorithm
[   19.395746] xor: automatically using best checksumming function:
[   19.611253]    avx       : 51844.000 MB/sec
[   19.713977] async_tx: api initialized (async)
[   19.744028] md: raid6 personality registered for level 6
[   19.871861] md: raid5 personality registered for level 5
[   19.872545] md: raid4 personality registered for level 4
[   19.878136] md: raid10 personality registered for level 10
done.
Begin: Running /scripts/init-premount ... done.
Begin: Mounting root file system ... Begin: Running /[   20.338305] Btrfs loaded
scripts/local-top ... done.
Begin: Running /scr[   20.547382] EXT4-fs (sda1): mounted filesystem with ordered data mode. Opts: (null)
ipts/local-premount ... Scanning for Btrfs filesystems
done.
Warning: fsck not present, so skipping root file system
done.
Begin: Running /scripts/local-bottom ... done.
Begin: Running /scripts/init-bottom ... Warning: overlayroot: debug is busted
done.
[   20.852177] systemd[1]: systemd 229 running in system mode. (+PAM +AUDIT +SELINUX +IMA +APPARMOR +SMACK +SYSVINIT +UTMP +LIBCRYPTSETUP +GCRYPT +GNUTLS +ACL +XZ -LZ4 +SECCOMP +BLKID +ELFUTILS +KMOD -IDN)
[   21.143467] systemd[1]: Detected virtualization oracle.
[   21.144530] systemd[1]: Detected architecture x86-64.

Welcome to [1mUbuntu 16.04.1 LTS[0m!

[   21.151770] systemd[1]: Set hostname to <ubuntu>.
[   21.235219] systemd[1]: Initializing machine ID from random generator.
[   21.252357] systemd[1]: Installed transient /etc/machine-id file.
[   21.334648] systemd[1]: Listening on Journal Socket.
[[0;32m  OK  [0m] Listening on Journal Socket.
[   21.411905] systemd[1]: Reached target Encrypee  oolumes.
[[0;32m  OK  [0m] Reached target Encrypted Volumes.
[   21.967808] systemd[1]: Listening on Journal Audit Socket.
[[0;32m  OK  [0m] Listening on Journal Audit Socket.
[   22.303266] systemd[1]: Listening on udev Control Socket.
[[0;32m  OK  [0m] Listening on udev Control Socket.
[   22.305210] systemd[1]: Set up automount Arbitrary Executable File Formats File System Automount Point.
[[0;32m  OK  [0m] Set up automount Arbitrary Executab...ats File System Automount Point.
[   22.307486] systemd[1]: Listening on /dev/initctl Compatibility Named Pipe.
[[0;32m  OK  [0m] Listening on /dev/initctl Compatibility Named Pipe.
[   22.309268] systemd[1]: Listening on Syslog Socket.
[[0;32m  OK  [0m] Listening on Syslog Socket.
[   22.312661] systemd[1]: Listening on Device-mapper event daemon FIFOs.
[[0;32m  OK  [0m] Listening on Device-mapper event daemon FIFOs.
[   22.314347] systemd[1]: Listening on udev Kernel Socket.
[[0;32m  OK  [0m] Listening on udev Kernel Socket.
[   22.317020] systemd[1]: Listening on LVM2 metadata daemon socket.
[[0;32m  OK  [0m] Listening on LVM2 metadata daemon socket.
[   22.318647] systemd[1]: Reached target User and Group Name Lookups.
[[0;32m  OK  [0m] Reached target User and Group Name Lookups.
[   22.320303] systemd[1]: Reached target Swap.
[[0;32m  OK  [0m] Reached target Swap.
[   22.321648] systemd[1]: Listening on LVM2 poll daemon socket.
[[0;32m  OK  [0m] Listening on LVM2 poll daemon socket.
[   22.323407] systemd[1]: Created slice User and Session Slice.
[[0;32m  OK  [0m] Created slice User and Session Slice.
[   22.326164] systemd[1]: Created slice System Slice.
[[0;32m  OK  [0m] Created slice System Slice.
[   22.327788] systemd[1]: Created slice system-serial\x2dgetty.slice.
[[0;32m  OK  [0m] Created slice system-serial\x2dgetty.slice.
[   22.332424] systemd[1]: Starting Load Kernel Modules...
         Starting Load Kernel Modules...
[   22.434739] systemd[1]: Starting Set console keymap...
         Starting Set console keymap...
[   22.441597] Loading iSCSI transport class v2.0-870.
[   22.781934] systemd[1]: Starting Uncomplicated firewall...
         Starting Uncompl[   22.948007] iscsi: registered transport (tcp)
icated firewall...
[   23.032642] systemd[1]: Starting Monitoring of LVM2 mirrors, snapshots etc. using dmeventd or progress polling...
         Starting Monitor[   23.122118] iscsi: registered transport (iser)
ing of LVM2 mirrors... dmeventd or progress polling...
[   23.361961] systemd[1]: Mounting Huge Pages File System...
         [   23.504364] random: nonblocking pool is initialized
Mounting Huge Pages File System...
[   24.023744  yyttmm[[]]  ttrree  oowwrrd Password Requests to Wall Directory Watch.
[[0;32m  OK  [0m] Started Forward Password Requests to Wall Directory Watch.
[   24.76425]]sssseemd[1]: Starting Craaeellss  ffrrqqiiee  ttttcc device nodes for the current kernel...
         Starting Create list of required st... nodes for the current kernel...
[   25.595455] systemd[1]: Mounting POSI  eessgge Queue File System...
         Mounting POSIX Message Queue File System...
[   26.156275] systemd[1]: Starting Nameserver information manager...
         Starting Nameserver information manager...
[   26.636458] systemd[1]: Mounting Debug File System...
         Mounting Debug File System...
[   26.668422] systemd[1]: Starting Remount Root and Kernel File Systems...
         [   26.784893] EXT4-fs (sda1): re-mounted. Opts: (null)
Starting Remount Root and Kernel File Systems...
[   26.962373] systemd[1]: Reached target Slices.
[[0;32m  OK  [0m] Reached target Slices.
[   26.966222] systemd[1]: Listening on Journal Socket (/dev/log).
[[0;32m  OK  [0m] Listening on Journal Socket (/dev/log).
[   27.063485] systemd[1]: Starting Journal Service...
         Starting Journal Service...
[   27.066081] systemd[1]: Mounted Debug File System.
[[0;32m  OK  [0m] Mounted Debug File System.
[   27.116060] systemd[1]: Mounted Huge Pages File System.
[[0;32m  OK  [0m] Mounted Huge Pages File System.
[   27.330797] systemd[1]: Mounted POSIX Message Queue File System.
[[0;32m  OK  [0m] Mounted POSIX Message Queue File System.
[   27.339744] systemd[1]: Started Journal Service.
[[0;32m  OK  [0m] Started Journal Service.
[[0;32m  OK  [0m] Started Load Kernel Modules.
[[0;32m  OK  [0m] Started Set console keymap.
[[0;32m  OK  [0m] Started Uncomplicated firewall.
[[0;32m  OK  [0m] Started Create list of required sta...ce nodes for the current kernel.
[[0;32m  OK  [0m] Started Remount Root and Kernel File Systems.
[[0;32m  OK  [0m] Started Nameserver information manager.
[[0;32m  OK  [0m] Started LVM2 metadata daemon.
         Starting Initial cloud-init job (pre-networking)...
         Starting Load/Save Random Seed...
         Starting udev Coldplug all Devices...
         Starting Create Static Device Nodes in /dev...
         Starting Apply Kernel Variables...
         Mounting FUSE Control File System...
         Starting Flush Journal to Persistent Storage...
[[0;32m  OK  [0m] Mounted FUSE Control File System.
[[0;32m  OK  [0m] Started Load/Save Random Seed.
[[0;32m  OK  [0m] Started Create Static Device Nodes in /dev.
[[0;32m  OK  [0m] Started Apply Kernel Variables.
[[0;32m  OK  [0m] Started udev Coldplug all Devices.
[[0;32m  OK  [0m] Started Flush Journal to Persistent Storage.
         Starting udev Kernel Device Manager...
[[0;32m  OK  [0m] Started udev Kernel Device Manager.
[[0;32m  OK  [0m] Started Dispatch Password Requests to Console Directory Watch.
[[0;32m  OK  [0m] Started Monitoring of LVM2 mirrors,...ng dmeventd or progress polling.
[[0;32m  OK  [0m] Reached target Local File Systems (Pre).
[[0;32m  OK  [0m] Reached target Local File Systems.
         Starting Tell Plymouth To Write Out Runtime Data...
         Starting Create Volatile Files and Directories...
         Starting Set console font and keymap...
         Starting Commit a transient machine-id on disk...
         Starting LSB: AppArmor initialization...
[[0;32m  OK  [0m] Started Tell Plymouth To Write Out Runtime Data.
[[0;32m  OK  [0m] Started Create Volatile Files and Directories.
[[0;32m  OK  [0m] Started Commit a transient machine-id on disk.
[[0;32m  OK  [0m] Reached target System Time Synchronized.
         Starting Update UTMP about System Boot/Shutdown...
[[0;32m  OK  [0m] Started Update UTMP about System Boot/Shutdown.
[[0;32m  OK  [0m] Found device /dev/ttyS0.
[   22.010592] cloud-init[475]: Cloud-init v. 0.7.8 running 'init-local' at Mon, 02 Jan 2017 12:38:31 +0000. Up 21.33 seconds.
[[0;32m  OK  [0m] Started Initial cloud-init job (pre-networking).
[[0;32m  OK  [0m] Listening on Load/Save RF Kill Switch Status /dev/rfkill Watch.
[[0;32m  OK  [0m] Reached target Network (Pre).
[[0;32m  OK  [0m] Started Set console font and keymap.
[[0;32m  OK  [0m] Started LSB: AppArmor initialization.
         Starting Raise network interfaces...
[[0;32m  OK  [0m] Created slice system-getty.slice.
[[0;32m  OK  [0m] Started Raise network interfaces.
[[0;32m  OK  [0m] Reached target Network.
         Starting Initial cloud-init job (metadata service crawler)...
[   27.653350] cloud-init[1080]: Cloud-init v. 0.7.8 running 'init' at Mon, 02 Jan 2017 12:38:36 +0000. Up 27.14 seconds.
[   27.742333] cloud-init[1080]: ci-info: ++++++++++++++++++++++++++++++++++++++Net device info++++++++++++++++++++++++++++++++++++++
[[0;32m  OK  [0m] Started Initial cloud-init job (metadata service crawler).
[   27.747308] cloud-init[1080]: ci-info: +--------+-------+----------------------------+---------------+-------+-------------------+[[0;32m  OK  [0m] Reached target System Initialization.

[   27.750403] cloud-init[1080]: ci-info: | Device |   Up  |          Address           |      Mask     | Scope |     Hw-Address    |
[   27.751685]          Starting LXD - unix socket.
[[0;32m  OK  [0m] Started Daily Cleanup of Temporary Directories.
[[0;32m  OK  [0m] Started Timer to automatically refresh installed snaps.
[[0;32m  OK  [0m] Started Trigger resolvconf update for networkd DNS.
[[0;32m  OK  [0m] Started Daily apt activities.
[[0;32m  OK  [0m] Reached target Timers.cloud-init[1080]: ci-info: +--------+-------+----------------------------+---------------+-------+-------------------+
[   27.757065] cloud-init[1080]: ci-info: | enp0s9 | False |             .              |       .       |   .   | 08:00:27:b1:2c:df |
[   27.758139] cloud-init[1080]: ci-info: | enp0s8 | False |             .              |       .       |   .   | 08:00:27:47:4d:5a |
[   27.759189] cloud-init[1080]: ci-info: | enp0s3 |  True |         10.0.2.15          | 255.255.255.0 |   .   | 02:f3:d6:4a:16:a4 |
         Starting Socket activation for snappy daemon.
[[0;32m  OK  [0m] Listening on ACPID Listen Socket.
[[0;32m  OK  [0m] Listening on D-Bus System Message Bus Socket.

[   27.818585] cloud-init[1080]: ci-info: | enp0s3 |  True | fe80::f3:d6ff:fe4a:16a4/64 |       .       |  link | 02:f3:d6:4a:16:a4 |[[0;32m  OK  [0m] Started ACPI Events Check.
[[0;32m  OK  [0m] Reached target Paths.
[[0;32m  OK  [0m] Listening on UUID daemon activation socket.
[[0;32m  OK  [0m] Reached target Cloud-config availability.
[
[   27.824279] cloud-init[1080]: ci-info: |   lo   |  True |         127.0.0.1          |   255.0.0.0   |   .   |         .         |
[   27.825465] cloud-init[1080]: ci-info: |   lo   |  True |          ::1/128           |       .       |  host |         .         |
[   27.825496] cloud-init[1080]: ci-info: +--------+-------+----------------------------+---------------+-------+-------------------+
[   27.825530] cloud-init[1080]: ci-info: +++++++++++++++++++++++++++Route IPv4 info++++++++++++++++++++++++++++
[   27.825555] cloud-init[1080]: ci-info: +-------+-------------+----------+---------------+-----------+-------+
[   27.825581] cloud-init[1080]: ci-info: | Route | Destination | Gateway  |    Genmask    | Interface | Flags |
[   27.825604] cloud-init[1080]: ci-info: +-------+-------------+----------+---------------+-----------+-------+
[   27.825628] cloud-init[1080]: ci-info: |   0   |   0.0.0.0   | 10.0.2.2 |    0.0.0.0    |   enp0s3  |   UG  |
[   27.825652] cloud-init[1080]: ci-info: |   1   |   10.0.2.0  | 0.0.0.0  | 255.255.255.0 |   enp0s3  |   U   |
[   27.825676] cloud-init[1080]: ci-info: +-------+-------------+----------+---------------+-----------+-------+
[   27.825713] cloud-init[1080]: Generating public/private rsa key pair.
[   27.825741] cloud-init[1080]: Your identification has been saved in /etc/ssh/ssh_host_rsa_key.
[   27.825766] cloud-init[1080]: Your public key has been saved in /etc/ssh/ssh_host_rsa_key.pub.
[   27.825791] cloud-init[1080]: The key fingerprint is:
[   27.825815] cloud-init[1080]: SHA256:Kr+FwTNlf1oLMUQ8Q8ta+XFtQR0C7Ekk/XO+0iNBeWo root@ubuntu-xenial
[   27.825839] cloud-init[1080]: The key's randomart image is:
[   27.825865] cloud-init[1080]: +---[RSA 2048]----+
[   27.825909] cloud-init[1080]: |         =Bo...+o|
[   27.825936] cloud-init[1080]: |         o=*  ..o|
[   27.825960] cloud-init[1080]: |        o Xo+ o o|
[   27.825984] cloud-init[1080]: |     . o + * B + |
[   27.826009] cloud-init[1080]: |      = S o = *  |
[   27.826033] cloud-init[1080]: |       *   = E . |
[   27.826057] cloud-init[1080]: |    . o . . o o .|
[   27.826080] cloud-init[1080]: |     o .     o + |
[   27.826105] cloud-init[1080]: |      o.      o .|
[   27.826128] cloud-init[1080]: +----[SHA256]-----+
[   27.826152] cloud-init[1080]: Generating public/private dsa key pair.
[   27.826177] cloud-init[1080]: Your identification has been saved in /etc/ssh/ssh_host_dsa_key.
[   27.826202] cloud-init[1080]: Your public key has been saved in /etc/ssh/ssh_host_dsa_key.pub.
[   27.826227] cloud-init[1080]: The key fingerprint is:
[   27.826251] cloud-init[1080]: SHA256:pklEHzo53fdRv+OB8/Rl5Yvc/auS0XyOGNbRZvyBjbw root@ubuntu-xenial
[   27.826275] cloud-init[1080]: The key's randomart image is:
[   27.826299] cloud-init[1080]: +---[DSA 1024]----+
[   27.826324] cloud-init[1080]: |      . .       .|
[   27.826349] cloud-init[1080]: |     . = o     ..|
[   27.826373] cloud-init[1080]: |      * o . o B o|
[   27.826398] cloud-init[1080]: |     . o   . *.Xo|
[   27.826421] cloud-init[1080]: |      . S   +o*=*|
[   27.826445] cloud-init[1080]: |     . +   +.EBoO|
[   27.826469] cloud-init[1080]: |      o   . =o+=o|
[   27.826492] cloud-init[1080]: |           + . ..|
[   27.826519] cloud-init[1080]: |            ....o|
[   27.826542] cloud-init[1080]: +----[SHA256]-----+
[   27.826565] cloud-init[1080]: Generating public/private ecdsa key pair.
[   27.826591] cloud-init[1080]: Your identification has been saved in /etc/ssh/ssh_host_ecdsa_key.
[   27.826617] cloud-init[1080]: Your public key has been saved in /etc/ssh/ssh_host_ecdsa_key.pub.
[   27.826642] cloud-init[1080]: The key fingerprint is:
[   27.826665] cloud-init[1080]: SHA256:CoBkztUjvnLUz2H7TeYPpRy46yyMXuIgpGViDCrtSMY root@ubuntu-xenial
[   27.826688] cloud-init[1080]: The key's randomart image is:
[   27.826711] cloud-init[1080]: +---[ECDSA 256]---+
[   27.826735] cloud-init[1080]: | o ..            |
[   27.826758] cloud-init[1080]: |=... o           |
[   27.826782] cloud-init[1080]: |ooo o .          |
[   27.826805] cloud-init[1080]: |=. + . o  .      |
[   27.826828] cloud-init[1080]: |+E= o + S. . .   |
[   27.826852] cloud-init[1080]: |BB o . =  oo+    |
[   27.929652] cloud-init[1080]: |o.+. .+...=+     |
[   27.929690] cloud-init[1080]: |  . o.oo...o.    |
[   27.929717] cloud-init[1080]: |    .o  o+  ..   |
[   27.929741] cloud-init[1080]: +----[SHA256]-----+
[   27.929765] cloud-init[1080]: Generating public/private ed25519 key pair.
[   27.929789] cloud-init[1080]: Your identification has been saved in /etc/ssh/ssh_host_ed25519_key.
[   27.929814] cloud-init[1080]: Your public key has been saved in /etc/ssh/ssh_host_ed25519_key.pub.
[   27.929838] cloud-init[1080]: The key fingerprint is:
[   27.929862] cloud-init[1080]: SHA256:CZhO+DfGI8uW17TrX0hLVUgeGi/DxVgaxsqL7DF3x5s root@ubuntu-xenial
[   27.929901] cloud-init[1080]: The key's randomart image is:
[   27.929927] cloud-init[1080]: +--[ED25519 256]--+
[   27.929951] cloud-init[1080]: |         .+==..  |
[   27.929977] cloud-init[1080]: |   . o   ooOoo   |
[   27.930001] cloud-init[1080]: |  . + .. .* +    |
[   27.930024] cloud-init[1080]: |   + . .o. +     |
[   27.930048] cloud-init[1080]: |    +.*.S.o.     |
[   27.930073] cloud-init[1080]: |   . *==o+.oo    |
[   27.930097] cloud-init[1080]: |    =..+o.o..o   |
[   27.930120] cloud-init[1080]: |   . ..  . .E    |
[   27.930299] cloud-init[1080]: |       .o..      |
[   27.930330] cloud-init[1080]: +----[SHA256]-----+
[0;32m  OK  [0m] Reached target Network is Online.
         Starting iSCSI initiator daemon (iscsid)...
[[0;32m  OK  [0m] Listening on LXD - unix socket.
[[0;32m  OK  [0m] Listening on Socket activation for snappy daemon.
[[0;32m  OK  [0m] Started iSCSI initiator daemon (iscsid).
         Starting Login to default iSCSI targets...
[[0;32m  OK  [0m] Reached target Sockets.
[[0;32m  OK  [0m] Reached target Basic System.
         Starting LSB: Record successful boot for GRUB...
         Starting System Logging Service...
         Starting Pollinate to seed the pseudo random number generator...
         Starting Apply the settings specified in cloud-config...
         Starting LSB: MD monitoring daemon...
[[0;32m  OK  [0m] Started Snappy daemon.
         Starting /etc/rc.local Compatibility...
[[0;32m  OK  [0m] Started D-Bus System Message Bus.
[[0;32m  OK  [0m] Started Regular background program processing daemon.
[[0;32m  OK  [0m] Started Deferred execution scheduler.
         Starting Auto import assertions from block devices...
[[0;32m  OK  [0m] Started ACPI event daemon.
         Starting Login Service...
         Starting Accounts Service...
[[0;32m  OK  [0m] Started FUSE filesystem for LXC.
         Starting LXD - container startup/shutdown...
[[0;32m  OK  [0m] Started System Logging Service.
[[0;32m  OK  [0m] Started /etc/rc.local Compatibility.
[[0;32m  OK  [0m] Started Auto import assertions from block devices.
[[0;32m  OK  [0m] Started LSB: Record successful boot for GRUB.
[[0;32m  OK  [0m] Started LXD - container startup/shutdown.
[   28.573010] cloud-init[1199]: Generating locales (this might take a while)...
[[0;32m  OK  [0m] Started Login to default iSCSI targets.
[[0;32m  OK  [0m] Started Pollinate to seed the pseudo random number generator.
[[0;32m  OK  [0m] Started LSB: MD monitoring daemon.
[[0;32m  OK  [0m] Started Login Service.
         Starting Authenticate and Authorize Users to Run Privileged Tasks...
         Starting OpenBSD Secure Shell server...
[[0;32m  OK  [0m] Reached target Remote File Systems (Pre).
[[0;32m  OK  [0m] Reached target Remote File Systems.
         Starting LSB: Set the CPU Frequency Scaling governor to "ondemand"...
         Starting LSB: daemon to balance interrupts for SMP systems...
         Starting LSB: VirtualBox Linux Additions...
         Starting Permit User Sessions...
         Starting LSB: automatic crash report generation...
[[0;32m  OK  [0m] Started OpenBSD Secure Shell server.
[[0;32m  OK  [0m] Started Permit User Sessions.
[   29.324016] cloud-init[1199]:   en_US.UTF-8... done
[   29.518388] cloud-init[1199]: Generation complete.
[[0;32m  OK  [0m] Started Authenticate and Authorize Users to Run Privileged Tasks.
[[0;32m  OK  [0m] Started Accounts Service.
[[0;32m  OK  [0m] Started LSB: Set the CPU Frequency Scaling governor to "ondemand".
[[0;32m  OK  [0m] Started LSB: daemon to balance interrupts for SMP systems.
         Starting Terminate Plymouth Boot Screen...
         Starting Hold until boot process finishes up...
[[0;32m  OK  [0m] Started LSB: VirtualBox Linux Additions.
[[0;32m  OK  [0m] Started LSB: automatic crash report generation.
[[0;32m  OK  [0m] Started Terminate Plymouth Boot Screen.
[[0;32m  OK  [0m] Started Hold until boot process finishes up.
         Stopping OpenBSD Secure Shell server...
         Starting Set console scheme...
[[0;32m  OK  [0m] Started Serial Getty on ttyS0.
[[0;32m  OK  [0m] Started Getty on tty1.
[[0;32m  OK  [0m] Reached target Login Prompts.
[[0;32m  OK  [0m] Stopped OpenBSD Secure Shell server.
[[0;32m  OK  [0m] Started Set console scheme.
         Starting OpenBSD Secure Shell server...
[[0;32m  OK  [0m] Started OpenBSD Secure Shell server.
[[0;32m  OK  [0m] Reached target Multi-User System.
[[0;32m  OK  [0m] Reached target Graphical Interface.
         Starting Update UTMP about System Runlevel Changes...
[   30.006740] cloud-init[1199]: Cloud-init v. 0.7.8 running 'modules:config' at Mon, 02 Jan 2017 12:38:38 +0000. Up 28.46 seconds.
[[0;32m  OK  [0m] Created slice User Slice of ubuntu.
         Starting User Manager for UID 1000...
[[0;32m  OK  [0m] Started User Manager for UID 1000.
[[0;32m  OK  [0m] Started Apply the settings specified in cloud-config.
[[0;32m  OK  [0m] Started Update UTMP about System Runlevel Changes.
[[0;32m  OK  [0m] Started Session 1 of user ubuntu.
         Starting Execute cloud user/final scripts...
ci-info: no authorized ssh keys fingerprints found for user ubuntu.
<14>Jan  2 12:38:40 ec2: 
<14>Jan  2 12:38:40 ec2: #############################################################
<14>Jan  2 12:38:40 ec2: -----BEGIN SSH HOST KEY FINGERPRINTS-----
<14>Jan  2 12:38:40 ec2: 1024 SHA256:pklEHzo53fdRv+OB8/Rl5Yvc/auS0XyOGNbRZvyBjbw root@ubuntu-xenial (DSA)
<14>Jan  2 12:38:40 ec2: 256 SHA256:CoBkztUjvnLUz2H7TeYPpRy46yyMXuIgpGViDCrtSMY root@ubuntu-xenial (ECDSA)
<14>Jan  2 12:38:40 ec2: 256 SHA256:CZhO+DfGI8uW17TrX0hLVUgeGi/DxVgaxsqL7DF3x5s root@ubuntu-xenial (ED25519)
<14>Jan  2 12:38:40 ec2: 2048 SHA256:Kr+FwTNlf1oLMUQ8Q8ta+XFtQR0C7Ekk/XO+0iNBeWo root@ubuntu-xenial (RSA)
<14>Jan  2 12:38:40 ec2: -----END SSH HOST KEY FINGERPRINTS-----
<14>Jan  2 12:38:40 ec2: #############################################################
-----BEGIN SSH HOST KEY KEYS-----
ecdsa-sha2-nistp256 AAAAE2VjZHNhLXNoYTItbmlzdHAyNTYAAAAIbmlzdHAyNTYAAABBBLIEQ/8nqU3R1Owfeu1OEJqU/pxzvbjuvmAv/SBWwqB5VDOLQoDJYy8QhL2LGRR6MO4j2KQJBBWgeg32vyOYX+c= root@ubuntu-xenial
ssh-ed25519 AAAAC3NzaC1lZDI1NTE5AAAAIH1BhND0LWKyyaPnsOTAtTbi4RzS6M7NOvGzscnVPzPy root@ubuntu-xenial
ssh-rsa AAAAB3NzaC1yc2EAAAADAQABAAABAQDfeSNItAq5W16b+1QaMBuMJXcvzuyG9ejI0bzlbv16xPU2uJcygYdDGUyrI61jH6WPESqdcAlzqhEMMfaiUgJ3wbua6sVf4nAe74qI0y0hIqmkxt01kc6NnntvI7rUrccnUrh6lUNHq+X4PR1e7iVlyObNydZEHf8KELuv8wiMLQu9fRt2GaPcQdceCMC2I9kx2Wy+aOd2qL70PjnsTdg9MItoSNAJSYt+NN9rCyVq91mUz2wYo/L0A60orpqrpdL5eMS+uU+PMKaZhqs8Z1FQlc1cgXA9dp3kM5u9chabpjZxNcLVZhwsvsAKX9t/HpBRRojBl8SHWi2HQjipsmix root@ubuntu-xenial
-----END SSH HOST KEY KEYS-----
[   31.593074] cloud-init[1479]: Cloud-init v. 0.7.8 running 'modules:final' at Mon, 02 Jan 2017 12:38:40 +0000. Up 30.69 seconds.
[   31.730071] cloud-init[1479]: ci-info: no authorized ssh keys fingerprints found for user ubuntu.
[   31.849034] cloud-init[1479]: Cloud-init v. 0.7.8 finished at Mon, 02 Jan 2017 12:38:41 +0000. Datasource DataSourceNoCloud [seed=/dev/sdb][dsmode=net].  Up 31.57 seconds
[[0;32m  OK  [0m] Started Execute cloud user/final scripts.
[[0;32m  OK  [0m] Reached target Cloud-init target.

Ubuntu 16.04.1 LTS ubuntu-xenial ttyS0

ubuntu-xenial login: 